INFO:root:Search Configuration:
Opponent: MINIMAX
Rounds: 1
Fair Matches: True
Time Limit: 150
Processes: 1
Debug Mode: True
INFO:sample_players:[Errno 2] No such file or directory: 'data.pickle'
INFO:isolation:Initial game state: Isolation(board=41523161203939122082683632224299007, ply_count=0, locs=(None, None))
First agent: Agent(agent_class=<class 'sample_players.MinimaxPlayer'>, name='Minimax Agent')
Second agent: Agent(agent_class=<class 'my_custom_player.CustomPlayer'>, name='Custom Agent')

INFO:isolation:(1, 2, 972)
INFO:isolation:(3, 4, 1643)
INFO:isolation:(5, 5, 3416)
INFO:isolation:(7, 5, 2563)
INFO:isolation:(9, 5, 1508)
INFO:isolation:(11, 5, 1709)
INFO:isolation:(13, 5, 1657)
INFO:isolation:(15, 5, 1685)
INFO:isolation:(17, 5, 2020)
INFO:isolation:(19, 6, 1936)
INFO:isolation:(21, 6, 2528)
INFO:isolation:(23, 5, 1666)
INFO:isolation:(25, 5, 1748)
INFO:isolation:(27, 6, 1967)
INFO:isolation:(29, 6, 1142)
INFO:isolation:(31, 6, 2534)
INFO:isolation:(33, 6, 1671)
INFO:isolation:(35, 7, 2862)
INFO:isolation:(37, 8, 3513)
INFO:isolation:(39, 7, 1407)
INFO:isolation:(41, 7, 2819)
INFO:isolation:(43, 7, 1968)
INFO:isolation:(45, 10, 3519)
INFO:isolation:(47, 8, 3578)
INFO:isolation:(49, 10, 2163)
INFO:isolation:(51, 10, 3298)
INFO:isolation:(53, 15, 3173)
INFO:isolation:(55, 22, 3500)
INFO:isolation:(57, 4, 31)
INFO:isolation:(59, 2, 3)
INFO:isolation:Status: Status.GAME_OVER
Final State: Isolation(board=31016761165150361298816216911120225, ply_count=61, locs=(3, 40))
History: [43, 29, <Action.NNE: 25>, <Action.WNW: 15>, <Action.NNE: 25>, <Action.NNW: 27>, <Action.ESE: -15>, <Action.NNE: 25>, <Action.SSW: -25>, <Action.SSE: -27>, <Action.WSW: -11>, <Action.WNW: 15>, <Action.SSE: -27>, <Action.SSE: -27>, <Action.WNW: 15>, <Action.WNW: 15>, <Action.WSW: -11>, <Action.SSW: -25>, <Action.ESE: -15>, <Action.SSE: -27>, <Action.NNW: 27>, <Action.NNE: 25>, <Action.NNE: 25>, <Action.NNE: 25>, <Action.NNE: 25>, <Action.WSW: -11>, <Action.NNE: 25>, <Action.WNW: 15>, <Action.ESE: -15>, <Action.ENE: 11>, <Action.SSW: -25>, <Action.SSW: -25>, <Action.SSE: -27>, <Action.WNW: 15>, <Action.WNW: 15>, <Action.ENE: 11>, <Action.NNE: 25>, <Action.NNW: 27>, <Action.SSE: -27>, <Action.SSW: -25>, <Action.WNW: 15>, <Action.ESE: -15>, <Action.NNW: 27>, <Action.ESE: -15>, <Action.ENE: 11>, <Action.SSW: -25>, <Action.SSW: -25>, <Action.ESE: -15>, <Action.SSW: -25>, <Action.WSW: -11>, <Action.SSE: -27>, <Action.NNE: 25>, <Action.SSE: -27>, <Action.ESE: -15>, <Action.NNE: 25>, <Action.ESE: -15>, <Action.WNW: 15>, <Action.ENE: 11>, <Action.SSE: -27>, <Action.NNW: 27>, <Action.WSW: -11>]
Winner: Agent(agent_class=<class 'my_custom_player.CustomPlayer'>, name='Custom Agent')
Loser: Agent(agent_class=<class 'sample_players.MinimaxPlayer'>, name='Minimax Agent')

INFO:sample_players:[Errno 2] No such file or directory: 'data.pickle'
INFO:isolation:Initial game state: Isolation(board=41523161203939122082683632224299007, ply_count=0, locs=(None, None))
First agent: Agent(agent_class=<class 'my_custom_player.CustomPlayer'>, name='Custom Agent')
Second agent: Agent(agent_class=<class 'sample_players.MinimaxPlayer'>, name='Minimax Agent')

INFO:isolation:(0, 1, 99)
INFO:isolation:(2, 4, 806)
INFO:isolation:(4, 4, 1285)
INFO:isolation:(6, 5, 2328)
INFO:isolation:(8, 5, 1565)
INFO:isolation:(10, 5, 1939)
INFO:isolation:(12, 6, 2748)
INFO:isolation:(14, 5, 2409)
INFO:isolation:(16, 5, 2156)
INFO:isolation:(18, 5, 2398)
INFO:isolation:(20, 5, 1423)
INFO:isolation:(22, 6, 3349)
INFO:isolation:(24, 5, 1441)
INFO:isolation:(26, 6, 2556)
INFO:isolation:(28, 6, 3736)
INFO:isolation:(30, 7, 3240)
INFO:isolation:(32, 6, 1821)
INFO:isolation:(34, 7, 3125)
INFO:isolation:(36, 7, 2315)
INFO:isolation:(38, 8, 3499)
INFO:isolation:(40, 8, 2624)
INFO:isolation:(42, 9, 2552)
INFO:isolation:(44, 12, 3683)
INFO:isolation:(46, 14, 3519)
INFO:isolation:(48, 13, 3666)
INFO:isolation:(50, 13, 3587)
INFO:isolation:(52, 15, 3590)
INFO:isolation:(54, 16, 3478)
INFO:isolation:(56, 16, 3770)
INFO:isolation:(58, 22, 2190)
INFO:isolation:Status: Status.GAME_OVER
Final State: Isolation(board=35275329752014329348577706968835262, ply_count=59, locs=(95, 106))
History: [28, 112, <Action.WNW: 15>, <Action.ESE: -15>, <Action.NNE: 25>, <Action.ENE: 11>, <Action.SSE: -27>, <Action.ESE: -15>, <Action.WNW: 15>, <Action.SSE: -27>, <Action.ENE: 11>, <Action.NNE: 25>, <Action.SSW: -25>, <Action.WSW: -11>, <Action.NNW: 27>, <Action.SSW: -25>, <Action.SSW: -25>, <Action.SSW: -25>, <Action.NNW: 27>, <Action.WSW: -11>, <Action.SSW: -25>, <Action.WSW: -11>, <Action.NNW: 27>, <Action.NNE: 25>, <Action.ESE: -15>, <Action.WNW: 15>, <Action.NNW: 27>, <Action.ENE: 11>, <Action.WSW: -11>, <Action.ENE: 11>, <Action.NNE: 25>, <Action.SSW: -25>, <Action.SSE: -27>, <Action.SSE: -27>, <Action.WSW: -11>, <Action.ENE: 11>, <Action.SSE: -27>, <Action.NNE: 25>, <Action.SSW: -25>, <Action.NNE: 25>, <Action.ENE: 11>, <Action.SSE: -27>, <Action.ENE: 11>, <Action.SSW: -25>, <Action.SSW: -25>, <Action.SSE: -27>, <Action.WNW: 15>, <Action.WNW: 15>, <Action.ENE: 11>, <Action.NNE: 25>, <Action.NNE: 25>, <Action.NNE: 25>, <Action.NNE: 25>, <Action.NNW: 27>, <Action.NNW: 27>, <Action.WSW: -11>, <Action.SSW: -25>, <Action.NNE: 25>, <Action.ENE: 11>]
Winner: Agent(agent_class=<class 'my_custom_player.CustomPlayer'>, name='Custom Agent')
Loser: Agent(agent_class=<class 'sample_players.MinimaxPlayer'>, name='Minimax Agent')

INFO:sample_players:[Errno 2] No such file or directory: 'data.pickle'
INFO:isolation:Initial game state: Isolation(board=41523161203939122082674835594405887, ply_count=2, locs=(43, 29))
First agent: Agent(agent_class=<class 'my_custom_player.CustomPlayer'>, name='Custom Agent')
Second agent: Agent(agent_class=<class 'sample_players.MinimaxPlayer'>, name='Minimax Agent')

INFO:isolation:(2, 4, 1832)
INFO:isolation:(4, 5, 3091)
INFO:isolation:(6, 5, 1652)
INFO:isolation:(8, 5, 2595)
INFO:isolation:(10, 5, 1521)
INFO:isolation:(12, 5, 1308)
INFO:isolation:(14, 5, 1758)
INFO:isolation:(16, 5, 2366)
INFO:isolation:(18, 6, 2528)
INFO:isolation:(20, 5, 1855)
INFO:isolation:(22, 5, 1931)
INFO:isolation:(24, 5, 2383)
INFO:isolation:(26, 6, 3442)
INFO:isolation:(28, 6, 3562)
INFO:isolation:(30, 7, 2936)
INFO:isolation:(32, 8, 3495)
INFO:isolation:(34, 7, 3193)
INFO:isolation:(36, 8, 2993)
INFO:isolation:(38, 8, 1814)
INFO:isolation:(40, 10, 3478)
INFO:isolation:(42, 10, 3145)
INFO:isolation:(44, 10, 3148)
INFO:isolation:(46, 9, 2675)
INFO:isolation:(48, 14, 3881)
INFO:isolation:(50, 13, 2798)
INFO:isolation:(52, 17, 3559)
INFO:isolation:(54, 15, 3252)
INFO:isolation:(56, 21, 2877)
INFO:isolation:(58, 19, 1894)
INFO:isolation:(60, 17, 1224)
INFO:isolation:(62, 15, 733)
INFO:isolation:(64, 13, 158)
INFO:isolation:(66, 11, 100)
INFO:isolation:(68, 9, 79)
INFO:isolation:(70, 7, 53)
INFO:isolation:(72, 5, 15)
INFO:isolation:(74, 3, 6)
INFO:isolation:(76, 1, 1)
INFO:isolation:Status: Status.GAME_OVER
Final State: Isolation(board=31357957387593549897814081247659649, ply_count=77, locs=(91, 48))
History: [<Action.NNE: 25>, <Action.NNE: 25>, <Action.SSE: -27>, <Action.ENE: 11>, <Action.WSW: -11>, <Action.SSW: -25>, <Action.NNW: 27>, <Action.SSE: -27>, <Action.NNE: 25>, <Action.WSW: -11>, <Action.WSW: -11>, <Action.NNE: 25>, <Action.SSW: -25>, <Action.WNW: 15>, <Action.WNW: 15>, <Action.ENE: 11>, <Action.SSE: -27>, <Action.NNW: 27>, <Action.NNE: 25>, <Action.WSW: -11>, <Action.ENE: 11>, <Action.WSW: -11>, <Action.WNW: 15>, <Action.NNE: 25>, <Action.SSW: -25>, <Action.WSW: -11>, <Action.SSW: -25>, <Action.SSW: -25>, <Action.NNW: 27>, <Action.SSW: -25>, <Action.ENE: 11>, <Action.ENE: 11>, <Action.ENE: 11>, <Action.SSE: -27>, <Action.NNW: 27>, <Action.ENE: 11>, <Action.SSW: -25>, <Action.WNW: 15>, <Action.ENE: 11>, <Action.SSE: -27>, <Action.ENE: 11>, <Action.ENE: 11>, <Action.SSE: -27>, <Action.ESE: -15>, <Action.ESE: -15>, <Action.NNE: 25>, <Action.NNW: 27>, <Action.WSW: -11>, <Action.ENE: 11>, <Action.WSW: -11>, <Action.SSW: -25>, <Action.NNW: 27>, <Action.WNW: 15>, <Action.NNE: 25>, <Action.WNW: 15>, <Action.WSW: -11>, <Action.WSW: -11>, <Action.SSE: -27>, <Action.WSW: -11>, <Action.ESE: -15>, <Action.NNE: 25>, <Action.NNE: 25>, <Action.WSW: -11>, <Action.NNW: 27>, <Action.SSE: -27>, <Action.WSW: -11>, <Action.NNE: 25>, <Action.SSW: -25>, <Action.ENE: 11>, <Action.WSW: -11>, <Action.ESE: -15>, <Action.WNW: 15>, <Action.ENE: 11>, <Action.NNE: 25>, <Action.ESE: -15>]
Winner: Agent(agent_class=<class 'sample_players.MinimaxPlayer'>, name='Minimax Agent')
Loser: Agent(agent_class=<class 'my_custom_player.CustomPlayer'>, name='Custom Agent')

INFO:sample_players:[Errno 2] No such file or directory: 'data.pickle'
INFO:isolation:Initial game state: Isolation(board=36330864345404294454153135626643455, ply_count=2, locs=(28, 112))
First agent: Agent(agent_class=<class 'sample_players.MinimaxPlayer'>, name='Minimax Agent')
Second agent: Agent(agent_class=<class 'my_custom_player.CustomPlayer'>, name='Custom Agent')

INFO:isolation:(3, 5, 2493)
INFO:isolation:(5, 5, 2327)
INFO:isolation:(7, 4, 1348)
INFO:isolation:(9, 5, 1826)
INFO:isolation:(11, 5, 1093)
INFO:isolation:(13, 5, 1874)
INFO:isolation:(15, 5, 1966)
INFO:isolation:(17, 6, 2621)
INFO:isolation:(19, 5, 1789)
INFO:isolation:(21, 5, 2338)
INFO:isolation:(23, 5, 1410)
INFO:isolation:(25, 5, 1252)
INFO:isolation:(27, 6, 3178)
INFO:isolation:(29, 6, 2825)
INFO:isolation:(31, 6, 2193)
INFO:isolation:(33, 6, 3137)
INFO:isolation:(35, 6, 2655)
INFO:isolation:(37, 7, 2618)
INFO:isolation:(39, 7, 1721)
INFO:isolation:(41, 7, 2121)
INFO:isolation:(43, 8, 3721)
INFO:isolation:(45, 9, 3022)
INFO:isolation:(47, 9, 3303)
INFO:isolation:(49, 11, 3249)
INFO:isolation:(51, 17, 3218)
INFO:isolation:(53, 21, 3572)
INFO:isolation:(55, 22, 3741)
INFO:isolation:(57, 21, 3866)
INFO:isolation:(59, 21, 3607)
INFO:isolation:(61, 20, 2339)
INFO:isolation:(63, 18, 1778)
INFO:isolation:(65, 7, 138)
INFO:isolation:(67, 8, 188)
INFO:isolation:(69, 6, 33)
INFO:isolation:(71, 4, 22)
INFO:isolation:(73, 2, 6)
INFO:isolation:Status: Status.GAME_OVER
Final State: Isolation(board=32800508798549508477851366217360627, ply_count=75, locs=(3, 86))
History: [<Action.NNE: 25>, <Action.SSE: -27>, <Action.NNE: 25>, <Action.SSW: -25>, <Action.WSW: -11>, <Action.ENE: 11>, <Action.NNE: 25>, <Action.NNE: 25>, <Action.SSE: -27>, <Action.SSE: -27>, <Action.SSW: -25>, <Action.SSW: -25>, <Action.SSW: -25>, <Action.SSW: -25>, <Action.ENE: 11>, <Action.ENE: 11>, <Action.WNW: 15>, <Action.NNW: 27>, <Action.SSW: -25>, <Action.SSW: -25>, <Action.NNW: 27>, <Action.NNW: 27>, <Action.NNE: 25>, <Action.WNW: 15>, <Action.WNW: 15>, <Action.NNE: 25>, <Action.SSW: -25>, <Action.WSW: -11>, <Action.SSE: -27>, <Action.SSE: -27>, <Action.NNE: 25>, <Action.ESE: -15>, <Action.NNE: 25>, <Action.NNW: 27>, <Action.NNE: 25>, <Action.SSW: -25>, <Action.ESE: -15>, <Action.ESE: -15>, <Action.SSW: -25>, <Action.ESE: -15>, <Action.WSW: -11>, <Action.NNW: 27>, <Action.WNW: 15>, <Action.SSW: -25>, <Action.NNW: 27>, <Action.NNW: 27>, <Action.ESE: -15>, <Action.WSW: -11>, <Action.NNE: 25>, <Action.SSE: -27>, <Action.SSE: -27>, <Action.NNE: 25>, <Action.NNE: 25>, <Action.WSW: -11>, <Action.WSW: -11>, <Action.ESE: -15>, <Action.ESE: -15>, <Action.NNW: 27>, <Action.SSE: -27>, <Action.NNW: 27>, <Action.SSW: -25>, <Action.NNE: 25>, <Action.SSW: -25>, <Action.ENE: 11>, <Action.NNW: 27>, <Action.ENE: 11>, <Action.NNE: 25>, <Action.SSW: -25>, <Action.ESE: -15>, <Action.NNW: 27>, <Action.SSW: -25>, <Action.SSW: -25>, <Action.WSW: -11>]
Winner: Agent(agent_class=<class 'my_custom_player.CustomPlayer'>, name='Custom Agent')
Loser: Agent(agent_class=<class 'sample_players.MinimaxPlayer'>, name='Minimax Agent')

INFO:__main__:Your agent won 75.0% of matches against Minimax Agent
